<?xml version="1.0" encoding="UTF-8"?>
<testsuite xmlns:xsi="http://www.w3.org/2001/XMLSchema-instance" xsi:noNamespaceSchemaLocation="https://maven.apache.org/surefire/maven-surefire-plugin/xsd/surefire-test-report.xsd" version="3.0.2" name="pl.put.poznan.BuildingInfo.rest.BuildingInfoControllerTest" time="0.447" tests="13" errors="0" skipped="0" failures="0">
  <properties>
[...]
</properties>
  <testcase name="testCreateBuildingSuccess" classname="pl.put.poznan.BuildingInfo.rest.BuildingInfoControllerTest" time="0.387">
    <system-out><![CDATA[16:51:39.542 [main] INFO pl.put.poznan.BuildingInfo.rest.BuildingInfoController -- Received POST request to create building
]]></system-out>
  </testcase>
  <testcase name="testCalculateEnergyCost" classname="pl.put.poznan.BuildingInfo.rest.BuildingInfoControllerTest" time="0.006">
    <system-out><![CDATA[16:51:39.700 [main] INFO pl.put.poznan.BuildingInfo.rest.BuildingInfoController -- Received POST request to create building
16:51:39.702 [main] INFO pl.put.poznan.BuildingInfo.rest.BuildingInfoController -- Received GET request: calculateEnergyPrice for ID 17
]]></system-out>
  </testcase>
  <testcase name="testGetAllFound" classname="pl.put.poznan.BuildingInfo.rest.BuildingInfoControllerTest" time="0.005">
    <system-out><![CDATA[16:51:39.706 [main] INFO pl.put.poznan.BuildingInfo.rest.BuildingInfoController -- Received POST request to create building
16:51:39.709 [main] INFO pl.put.poznan.BuildingInfo.rest.BuildingInfoController -- Received GET request: getAll for ID 18
]]></system-out>
  </testcase>
  <testcase name="testPrintNotFound" classname="pl.put.poznan.BuildingInfo.rest.BuildingInfoControllerTest" time="0.003">
    <system-out><![CDATA[16:51:39.712 [main] INFO pl.put.poznan.BuildingInfo.rest.BuildingInfoController -- Received GET request: print (info) for ID 99999
16:51:39.712 [main] ERROR pl.put.poznan.BuildingInfo.rest.BuildingInfoController -- Location with ID 99999 not found
]]></system-out>
  </testcase>
  <testcase name="testPrintFound" classname="pl.put.poznan.BuildingInfo.rest.BuildingInfoControllerTest" time="0.006">
    <system-out><![CDATA[16:51:39.716 [main] INFO pl.put.poznan.BuildingInfo.rest.BuildingInfoController -- Received POST request to create building
16:51:39.719 [main] INFO pl.put.poznan.BuildingInfo.rest.BuildingInfoController -- Received GET request: print (info) for ID 19
]]></system-out>
  </testcase>
  <testcase name="testPrintAllNotFound" classname="pl.put.poznan.BuildingInfo.rest.BuildingInfoControllerTest" time="0.002">
    <system-out><![CDATA[16:51:39.722 [main] INFO pl.put.poznan.BuildingInfo.rest.BuildingInfoController -- Received GET request: printAll (allInfo) for ID 88888
16:51:39.722 [main] ERROR pl.put.poznan.BuildingInfo.rest.BuildingInfoController -- Location with ID 88888 not found
]]></system-out>
  </testcase>
  <testcase name="testPrintAllFound" classname="pl.put.poznan.BuildingInfo.rest.BuildingInfoControllerTest" time="0.007">
    <system-out><![CDATA[16:51:39.726 [main] INFO pl.put.poznan.BuildingInfo.rest.BuildingInfoController -- Received POST request to create building
16:51:39.729 [main] INFO pl.put.poznan.BuildingInfo.rest.BuildingInfoController -- Received GET request: printAll (allInfo) for ID 20
]]></system-out>
  </testcase>
  <testcase name="testGetArea" classname="pl.put.poznan.BuildingInfo.rest.BuildingInfoControllerTest" time="0.004">
    <system-out><![CDATA[16:51:39.734 [main] INFO pl.put.poznan.BuildingInfo.rest.BuildingInfoController -- Received POST request to create building
16:51:39.736 [main] INFO pl.put.poznan.BuildingInfo.rest.BuildingInfoController -- Received GET request: getArea for ID 21
]]></system-out>
  </testcase>
  <testcase name="testGetCube" classname="pl.put.poznan.BuildingInfo.rest.BuildingInfoControllerTest" time="0.004">
    <system-out><![CDATA[16:51:39.738 [main] INFO pl.put.poznan.BuildingInfo.rest.BuildingInfoController -- Received POST request to create building
16:51:39.740 [main] INFO pl.put.poznan.BuildingInfo.rest.BuildingInfoController -- Received GET request: getCube for ID 22
]]></system-out>
  </testcase>
  <testcase name="testGetAllNotFound" classname="pl.put.poznan.BuildingInfo.rest.BuildingInfoControllerTest" time="0.001">
    <system-out><![CDATA[16:51:39.743 [main] INFO pl.put.poznan.BuildingInfo.rest.BuildingInfoController -- Received GET request: getAll for ID 99999
]]></system-out>
  </testcase>
  <testcase name="testInitializationLog" classname="pl.put.poznan.BuildingInfo.rest.BuildingInfoControllerTest" time="0.002"/>
  <testcase name="testCalculateHeating" classname="pl.put.poznan.BuildingInfo.rest.BuildingInfoControllerTest" time="0.004">
    <system-out><![CDATA[16:51:39.748 [main] INFO pl.put.poznan.BuildingInfo.rest.BuildingInfoController -- Received POST request to create building
16:51:39.749 [main] INFO pl.put.poznan.BuildingInfo.rest.BuildingInfoController -- Received GET request: calculateHeating for ID 23
]]></system-out>
  </testcase>
  <testcase name="testCalculateLighting" classname="pl.put.poznan.BuildingInfo.rest.BuildingInfoControllerTest" time="0.003">
    <system-out><![CDATA[16:51:39.752 [main] INFO pl.put.poznan.BuildingInfo.rest.BuildingInfoController -- Received POST request to create building
16:51:39.754 [main] INFO pl.put.poznan.BuildingInfo.rest.BuildingInfoController -- Received GET request: calculateLighting for ID 24
]]></system-out>
  </testcase>
</testsuite>